Home: /opt/microtesk-riscv
Current directory: /opt/microtesk-riscv/arch/riscv/templates/compliance/rv64um
Model name: riscv
Template file: mulh.rb
Loaded template RiscVBaseTemplate defined in /opt/microtesk-riscv/arch/riscv/templates/riscv_base.rb
Loaded template MulhTemplate defined in /opt/microtesk-riscv/arch/riscv/templates/compliance/rv64um/mulh.rb
Processing template MulhTemplate defined in /opt/microtesk-riscv/arch/riscv/templates/compliance/rv64um/mulh.rb...
Instance number: 1

----------------------- Initializing Processing Elements -----------------------

The 'instantiate' operation is undefined.
Creating MMU model...

------------------------- Started Processing Template --------------------------


------------------ Started Processing Initialization Section -------------------

Defining Type.CARD(8) as byte ('.byte')...
Defining Type.CARD(16) as half ('.half')...
Defining Type.CARD(16) as hword ('.hword')...
Defining Type.CARD(32) as word ('.word')...
Defining Type.CARD(64) as dword ('.dword')...
Defining Type.CARD(16) as byte2 ('.2byte')...
Defining Type.CARD(32) as byte4 ('.4byte')...
Defining Type.CARD(64) as byte8 ('.8byte')...
Defining Type.FLOAT(23, 8) as float ('.float %s')...
Defining Type.FLOAT(52, 11) as double ('.double %s')...
Defining Type.FLOAT(23, 8) as floatx ('.float 0f:%08X')...
Defining Type.FLOAT(52, 11) as doublex ('.double 0d:%016X')...
Ended building a call (empty = true, executable = false)
Ended building a call (empty = true, executable = false)
Ended building a call (empty = true, executable = false)
Ended building a call (empty = true, executable = false)
Ended building a call (empty = true, executable = false)
Ended building a call (empty = true, executable = false)
Ended building a call (empty = true, executable = false)
Ended building a call (empty = true, executable = false)
Ended building a call (empty = true, executable = false)
Begin preparator: X
Operation: li
Ended building a call (empty = false, executable = true)
Ended building a call (empty = true, executable = false)
End preparator: X
Registering preparator: preparator(:target => 'X')
Ended building a call (empty = true, executable = false)
Begin preparator: X
Ended building a call (empty = true, executable = false)
End preparator: X
Registering preparator: preparator(:target => 'X', :arguments => {:i => 0})
Ended building a call (empty = true, executable = false)
Begin preparator: X
Addressing mode: X
Addressing mode: X
Operation: or
Ended building a call (empty = false, executable = true)
Ended building a call (empty = true, executable = false)
End preparator: X
Registering preparator: preparator(:target => 'X', :mask => [32h'00000000', 64h'0000000000000000'])
Ended building a call (empty = true, executable = false)
Begin preparator: X
Addressing mode: X
Operation: not
Ended building a call (empty = false, executable = true)
Ended building a call (empty = true, executable = false)
End preparator: X
Registering preparator: preparator(:target => 'X', :mask => [32h'FFFFFFFF', 64h'FFFFFFFFFFFFFFFF'])
Ended building a call (empty = true, executable = false)
Begin preparator: X
Addressing mode: X
Operation: ori
Ended building a call (empty = false, executable = true)
Ended building a call (empty = true, executable = false)
End preparator: X
Registering preparator: preparator(:target => 'X', :mask => [32b'000000000000000000000XXXXXXXXXXX', 64b'00000000000000000000000000000000000000000000000000000XXXXXXXXXXX'])
Ended building a call (empty = true, executable = false)
Begin preparator: F
Addressing mode: X
Ended building a call (empty = true, executable = false)
Preparator reference: X
Ended building a call (empty = false, executable = false)
Addressing mode: X
Operation: fmv_d_x
Ended building a call (empty = false, executable = true)
Ended building a call (empty = true, executable = false)
End preparator: F
Registering preparator: preparator(:target => 'F', :mask => 64h'XXXXXXXXXXXXXXXX')
Ended building a call (empty = true, executable = false)
Begin preparator: F
Addressing mode: X
Ended building a call (empty = true, executable = false)
Preparator reference: X
Ended building a call (empty = false, executable = false)
Addressing mode: X
Operation: fmv_w_x
Ended building a call (empty = false, executable = true)
Ended building a call (empty = true, executable = false)
End preparator: F
Registering preparator: preparator(:target => 'F', :mask => 32h'XXXXXXXX')
Ended building a call (empty = true, executable = false)
Begin preparator: VR
Ended building a call (empty = true, executable = false)
End preparator: VR
Registering preparator: preparator(:target => 'VR')
Ended building a call (empty = true, executable = false)
Begin preparator: USTATUS
Ended building a call (empty = true, executable = false)
End preparator: USTATUS
Registering preparator: preparator(:target => 'USTATUS')
Ended building a call (empty = true, executable = false)
Begin preparator: X
Addressing mode: X
Ended building a call (empty = true, executable = false)
Preparator reference: X
Ended building a call (empty = false, executable = false)
Addressing mode: X
Operation: bne
Ended building a call (empty = false, executable = true)
Ended building a call (empty = true, executable = false)
End preparator: X
Registering preparator: comparator(:target => 'X')
Ended building a call (empty = true, executable = false)
Begin preparator: X
Ended building a call (empty = true, executable = false)
End preparator: X
Registering preparator: comparator(:target => 'X', :arguments => {:i => 0})
Ended building a call (empty = true, executable = false)
Begin preparator: X
Addressing mode: X
Operation: bne
Ended building a call (empty = false, executable = true)
Ended building a call (empty = true, executable = false)
End preparator: X
Registering preparator: comparator(:target => 'X', :mask => [32h'00000000', 64h'0000000000000000'])
Ended building a call (empty = true, executable = false)
Begin preparator: F
Addressing mode: X
Ended building a call (empty = true, executable = false)
Preparator reference: X
Ended building a call (empty = false, executable = false)
Addressing mode: X
Operation: fmv_x_d
Ended building a call (empty = false, executable = true)
Addressing mode: X
Addressing mode: X
Operation: bne
Ended building a call (empty = false, executable = true)
Ended building a call (empty = true, executable = false)
End preparator: F
Registering preparator: comparator(:target => 'F')
Ended building a call (empty = true, executable = false)
Begin preparator: VR
Ended building a call (empty = true, executable = false)
End preparator: VR
Registering preparator: comparator(:target => 'VR')
Ended building a call (empty = true, executable = false)
Begin Data (isGlobal=true, isSeparateFile=false)
End Data

------------------------------- Allocating data --------------------------------

Section: .data [pa=0x0000000080028000, va=0x0000000080028000]
Allocation starts: 0x0000000080028000
Sequence index: -1

.align 4
.pushsection .tohost,"aw",@progbits
.align 8; .global tohost; tohost: .dword 0;
.align 8; .global fromhost; fromhost: .dword 0;
.popsection;
.align 4
.globl begin_signature
begin_signature:
Ended building a call (empty = true, executable = false)
Begin Data (isGlobal=true, isSeparateFile=false)
End Data

------------------------------- Allocating data --------------------------------

Section: .data [pa=0x0000000080028000, va=0x0000000080028000]
Allocation starts: 0x0000000080028000
Sequence index: -1

.align 4
.globl end_signature
end_signature:
.align 8; .global begin_regstate; begin_regstate:
.word 128;
.align 8; .global end_regstate; end_regstate:
.word 4;
Label: stvec_handler
Label: mtvec_handler
Label: _start
Operation: j
Ended building a call (empty = false, executable = true)
Label: trap_vector
Addressing mode: X
Addressing mode: MCAUSE
Operation: csrr
Ended building a call (empty = false, executable = true)
Addressing mode: X
Operation: li
Ended building a call (empty = false, executable = true)
Addressing mode: X
Addressing mode: X
Operation: beq
Ended building a call (empty = false, executable = true)
Addressing mode: X
Operation: li
Ended building a call (empty = false, executable = true)
Addressing mode: X
Addressing mode: X
Operation: beq
Ended building a call (empty = false, executable = true)
Addressing mode: X
Operation: li
Ended building a call (empty = false, executable = true)
Addressing mode: X
Addressing mode: X
Operation: beq
Ended building a call (empty = false, executable = true)
Addressing mode: X
Operation: la
Ended building a call (empty = false, executable = true)
Addressing mode: X
Operation: beqz
Ended building a call (empty = false, executable = true)
Addressing mode: X
Operation: jr
Ended building a call (empty = false, executable = true)
Label: 1
Addressing mode: X
Addressing mode: MCAUSE
Operation: csrr
Ended building a call (empty = false, executable = true)
Addressing mode: X
Operation: bgez
Ended building a call (empty = false, executable = true)
Operation: j
Ended building a call (empty = false, executable = true)
Label: handle_exception
Label: other_exception
Label: 1
Addressing mode: X
Addressing mode: X
Operation: ori
Ended building a call (empty = false, executable = true)
Label: write_tohost
Operation: nop
Ended building a call (empty = false, executable = true)
Output (kind: TEXT): "sw gp, tohost, t5"
Operation: nop
Ended building a call (empty = false, executable = true)
Operation: j
Ended building a call (empty = false, executable = true)
Label: reset_vector
Addressing mode: X
Addressing mode: MHARTID
Operation: csrr
Ended building a call (empty = false, executable = true)
Label: 1
Addressing mode: X
Operation: bnez
Ended building a call (empty = false, executable = true)
Addressing mode: X
Operation: la
Ended building a call (empty = false, executable = true)
Addressing mode: MTVEC
Addressing mode: X
Operation: csrw
Ended building a call (empty = false, executable = true)
Addressing mode: SATP
Operation: csrwi
Ended building a call (empty = false, executable = true)
Label: 1
Addressing mode: X
Operation: la
Ended building a call (empty = false, executable = true)
Addressing mode: MTVEC
Addressing mode: X
Operation: csrw
Ended building a call (empty = false, executable = true)
Addressing mode: X
Operation: li
Ended building a call (empty = false, executable = true)
Addressing mode: PMPADDR0
Addressing mode: X
Operation: csrw
Ended building a call (empty = false, executable = true)
Addressing mode: X
Operation: li
Ended building a call (empty = false, executable = true)
Addressing mode: PMPCFG0
Addressing mode: X
Operation: csrw
Ended building a call (empty = false, executable = true)
Label: 1
Addressing mode: X
Operation: la
Ended building a call (empty = false, executable = true)
Addressing mode: MTVEC
Addressing mode: X
Operation: csrw
Ended building a call (empty = false, executable = true)
Addressing mode: MEDELEG
Operation: csrwi
Ended building a call (empty = false, executable = true)
Addressing mode: MIDELEG
Operation: csrwi
Ended building a call (empty = false, executable = true)
Addressing mode: MIE
Operation: csrwi
Ended building a call (empty = false, executable = true)
Label: 1
Addressing mode: X
Operation: li
Ended building a call (empty = false, executable = true)
Addressing mode: X
Operation: la
Ended building a call (empty = false, executable = true)
Addressing mode: MTVEC
Addressing mode: X
Operation: csrw
Ended building a call (empty = false, executable = true)
Addressing mode: X
Operation: li
Ended building a call (empty = false, executable = true)
Addressing mode: X
Addressing mode: X
Operation: slli
Ended building a call (empty = false, executable = true)
Addressing mode: X
Operation: bgez
Ended building a call (empty = false, executable = true)
Operation: fence
Ended building a call (empty = false, executable = true)
Addressing mode: X
Operation: li
Ended building a call (empty = false, executable = true)
Operation: ecall
Ended building a call (empty = false, executable = true)
Label: 1
Addressing mode: X
Operation: la
Ended building a call (empty = false, executable = true)
Addressing mode: X
Operation: beqz
Ended building a call (empty = false, executable = true)
Addressing mode: STVEC
Addressing mode: X
Operation: csrw
Ended building a call (empty = false, executable = true)
Addressing mode: X
Operation: li
Ended building a call (empty = false, executable = true)
Addressing mode: MEDELEG
Addressing mode: X
Operation: csrw
Ended building a call (empty = false, executable = true)
Addressing mode: X
Addressing mode: MEDELEG
Operation: csrr
Ended building a call (empty = false, executable = true)
Addressing mode: X
Addressing mode: X
Operation: bne
Ended building a call (empty = false, executable = true)
Label: 1
Addressing mode: MSTATUS
Operation: csrwi
Ended building a call (empty = false, executable = true)
Addressing mode: X
Operation: la
Ended building a call (empty = false, executable = true)
Addressing mode: MEPC
Addressing mode: X
Operation: csrw
Ended building a call (empty = false, executable = true)
Addressing mode: X
Addressing mode: MHARTID
Operation: csrr
Ended building a call (empty = false, executable = true)
Operation: mret
Ended building a call (empty = false, executable = true)
Label: 1
Ended building a call (empty = false, executable = false)

------------------- Ended Processing Initialization Section --------------------


------------------- Started Processing Finalization Section --------------------

Addressing mode: X
Addressing mode: X
Output (kind: TRACE): "Check: x0(0x%016x) != TESTNUM(0x%016x)", mode X(i: #IMM), mode X(i: #IMM)
Addressing mode: X
Addressing mode: X
Operation: bne
Ended building a call (empty = false, executable = true)
Label: fail
Output (kind: TRACE): "Error: Test failed (self check did not pass)!"
Operation: fence
Ended building a call (empty = false, executable = true)
Label: 1
Addressing mode: X
Operation: beqz
Ended building a call (empty = false, executable = true)
Addressing mode: X
Addressing mode: X
Operation: sll
Ended building a call (empty = false, executable = true)
Addressing mode: X
Addressing mode: X
Operation: or
Ended building a call (empty = false, executable = true)
Operation: ecall
Ended building a call (empty = false, executable = true)
Label: pass
Operation: fence
Ended building a call (empty = false, executable = true)
Addressing mode: X
Operation: li
Ended building a call (empty = false, executable = true)
Operation: ecall
Ended building a call (empty = false, executable = true)
Ended building a call (empty = false, executable = false)
Ended building a call (empty = true, executable = false)

-------------------- Ended Processing Finalization Section ---------------------


----------------------- Started Processing Main Section ------------------------

Addressing mode: X
Label: test_2
Addressing mode: X
Operation: li
Ended building a call (empty = false, executable = true)
Addressing mode: X
Operation: li
Ended building a call (empty = false, executable = true)
Addressing mode: X
Addressing mode: X
Addressing mode: X
Operation: mulh
Ended building a call (empty = false, executable = true)
Addressing mode: X
Operation: li
Ended building a call (empty = false, executable = true)
Addressing mode: X
Operation: li
Ended building a call (empty = false, executable = true)
Addressing mode: X
Output (kind: TRACE): "Check: testreg(0x%016x) == x29(0x%016x)", mode X(i: #IMM), mode X(i: #IMM)
Addressing mode: X
Operation: bne
Ended building a call (empty = false, executable = true)
Addressing mode: X
Label: test_3
Addressing mode: X
Operation: li
Ended building a call (empty = false, executable = true)
Addressing mode: X
Operation: li
Ended building a call (empty = false, executable = true)
Addressing mode: X
Addressing mode: X
Addressing mode: X
Operation: mulh
Ended building a call (empty = false, executable = true)
Addressing mode: X
Operation: li
Ended building a call (empty = false, executable = true)
Addressing mode: X
Operation: li
Ended building a call (empty = false, executable = true)
Addressing mode: X
Output (kind: TRACE): "Check: testreg(0x%016x) == x29(0x%016x)", mode X(i: #IMM), mode X(i: #IMM)
Addressing mode: X
Operation: bne
Ended building a call (empty = false, executable = true)
Addressing mode: X
Label: test_4
Addressing mode: X
Operation: li
Ended building a call (empty = false, executable = true)
Addressing mode: X
Operation: li
Ended building a call (empty = false, executable = true)
Addressing mode: X
Addressing mode: X
Addressing mode: X
Operation: mulh
Ended building a call (empty = false, executable = true)
Addressing mode: X
Operation: li
Ended building a call (empty = false, executable = true)
Addressing mode: X
Operation: li
Ended building a call (empty = false, executable = true)
Addressing mode: X
Output (kind: TRACE): "Check: testreg(0x%016x) == x29(0x%016x)", mode X(i: #IMM), mode X(i: #IMM)
Addressing mode: X
Operation: bne
Ended building a call (empty = false, executable = true)
Addressing mode: X
Label: test_5
Addressing mode: X
Operation: li
Ended building a call (empty = false, executable = true)
Addressing mode: X
Operation: li
Ended building a call (empty = false, executable = true)
Addressing mode: X
Addressing mode: X
Addressing mode: X
Operation: mulh
Ended building a call (empty = false, executable = true)
Addressing mode: X
Operation: li
Ended building a call (empty = false, executable = true)
Addressing mode: X
Operation: li
Ended building a call (empty = false, executable = true)
Addressing mode: X
Output (kind: TRACE): "Check: testreg(0x%016x) == x29(0x%016x)", mode X(i: #IMM), mode X(i: #IMM)
Addressing mode: X
Operation: bne
Ended building a call (empty = false, executable = true)
Addressing mode: X
Label: test_6
Addressing mode: X
Operation: li
Ended building a call (empty = false, executable = true)
Addressing mode: X
Operation: li
Ended building a call (empty = false, executable = true)
Addressing mode: X
Addressing mode: X
Addressing mode: X
Operation: mulh
Ended building a call (empty = false, executable = true)
Addressing mode: X
Operation: li
Ended building a call (empty = false, executable = true)
Addressing mode: X
Operation: li
Ended building a call (empty = false, executable = true)
Addressing mode: X
Output (kind: TRACE): "Check: testreg(0x%016x) == x29(0x%016x)", mode X(i: #IMM), mode X(i: #IMM)
Addressing mode: X
Operation: bne
Ended building a call (empty = false, executable = true)
Addressing mode: X
Label: test_7
Addressing mode: X
Operation: li
Ended building a call (empty = false, executable = true)
Addressing mode: X
Operation: li
Ended building a call (empty = false, executable = true)
Addressing mode: X
Addressing mode: X
Addressing mode: X
Operation: mulh
Ended building a call (empty = false, executable = true)
Addressing mode: X
Operation: li
Ended building a call (empty = false, executable = true)
Addressing mode: X
Operation: li
Ended building a call (empty = false, executable = true)
Addressing mode: X
Output (kind: TRACE): "Check: testreg(0x%016x) == x29(0x%016x)", mode X(i: #IMM), mode X(i: #IMM)
Addressing mode: X
Operation: bne
Ended building a call (empty = false, executable = true)
Addressing mode: X
Label: test_8
Addressing mode: X
Operation: li
Ended building a call (empty = false, executable = true)
Addressing mode: X
Operation: li
Ended building a call (empty = false, executable = true)
Addressing mode: X
Addressing mode: X
Addressing mode: X
Operation: mulh
Ended building a call (empty = false, executable = true)
Addressing mode: X
Operation: li
Ended building a call (empty = false, executable = true)
Addressing mode: X
Operation: li
Ended building a call (empty = false, executable = true)
Addressing mode: X
Output (kind: TRACE): "Check: testreg(0x%016x) == x29(0x%016x)", mode X(i: #IMM), mode X(i: #IMM)
Addressing mode: X
Operation: bne
Ended building a call (empty = false, executable = true)
Addressing mode: X
Label: test_9
Addressing mode: X
Operation: li
Ended building a call (empty = false, executable = true)
Addressing mode: X
Operation: li
Ended building a call (empty = false, executable = true)
Addressing mode: X
Addressing mode: X
Addressing mode: X
Operation: mulh
Ended building a call (empty = false, executable = true)
Addressing mode: X
Operation: li
Ended building a call (empty = false, executable = true)
Addressing mode: X
Operation: li
Ended building a call (empty = false, executable = true)
Addressing mode: X
Output (kind: TRACE): "Check: testreg(0x%016x) == x29(0x%016x)", mode X(i: #IMM), mode X(i: #IMM)
Addressing mode: X
Operation: bne
Ended building a call (empty = false, executable = true)
Addressing mode: X
Label: test_10
Addressing mode: X
Operation: li
Ended building a call (empty = false, executable = true)
Addressing mode: X
Addressing mode: X
Addressing mode: X
Operation: mulh
Ended building a call (empty = false, executable = true)
Addressing mode: X
Operation: li
Ended building a call (empty = false, executable = true)
Addressing mode: X
Operation: li
Ended building a call (empty = false, executable = true)
Addressing mode: X
Output (kind: TRACE): "Check: testreg(0x%016x) == x29(0x%016x)", mode X(i: #IMM), mode X(i: #IMM)
Addressing mode: X
Operation: bne
Ended building a call (empty = false, executable = true)
Addressing mode: X
Label: test_11
Addressing mode: X
Operation: li
Ended building a call (empty = false, executable = true)
Label: 1
Addressing mode: X
Operation: li
Ended building a call (empty = false, executable = true)
Addressing mode: X
Operation: li
Ended building a call (empty = false, executable = true)
Addressing mode: X
Addressing mode: X
Addressing mode: X
Operation: mulh
Ended building a call (empty = false, executable = true)
Addressing mode: X
Addressing mode: X
Operation: addi
Ended building a call (empty = false, executable = true)
Addressing mode: X
Addressing mode: X
Operation: addi
Ended building a call (empty = false, executable = true)
Addressing mode: X
Operation: li
Ended building a call (empty = false, executable = true)
Addressing mode: X
Addressing mode: X
Operation: bne
Ended building a call (empty = false, executable = true)
Addressing mode: X
Operation: li
Ended building a call (empty = false, executable = true)
Addressing mode: X
Operation: li
Ended building a call (empty = false, executable = true)
Addressing mode: X
Output (kind: TRACE): "Check: testreg(0x%016x) == x29(0x%016x)", mode X(i: #IMM), mode X(i: #IMM)
Addressing mode: X
Operation: bne
Ended building a call (empty = false, executable = true)
Addressing mode: X
Label: test_12
Addressing mode: X
Operation: li
Ended building a call (empty = false, executable = true)
Label: 1
Addressing mode: X
Operation: li
Ended building a call (empty = false, executable = true)
Addressing mode: X
Operation: li
Ended building a call (empty = false, executable = true)
Addressing mode: X
Addressing mode: X
Addressing mode: X
Operation: mulh
Ended building a call (empty = false, executable = true)
Operation: nop
Ended building a call (empty = false, executable = true)
Addressing mode: X
Addressing mode: X
Operation: addi
Ended building a call (empty = false, executable = true)
Addressing mode: X
Addressing mode: X
Operation: addi
Ended building a call (empty = false, executable = true)
Addressing mode: X
Operation: li
Ended building a call (empty = false, executable = true)
Addressing mode: X
Addressing mode: X
Operation: bne
Ended building a call (empty = false, executable = true)
Addressing mode: X
Operation: li
Ended building a call (empty = false, executable = true)
Addressing mode: X
Operation: li
Ended building a call (empty = false, executable = true)
Addressing mode: X
Output (kind: TRACE): "Check: testreg(0x%016x) == x29(0x%016x)", mode X(i: #IMM), mode X(i: #IMM)
Addressing mode: X
Operation: bne
Ended building a call (empty = false, executable = true)
Addressing mode: X
Label: test_13
Addressing mode: X
Operation: li
Ended building a call (empty = false, executable = true)
Label: 1
Addressing mode: X
Operation: li
Ended building a call (empty = false, executable = true)
Addressing mode: X
Operation: li
Ended building a call (empty = false, executable = true)
Addressing mode: X
Addressing mode: X
Addressing mode: X
Operation: mulh
Ended building a call (empty = false, executable = true)
Operation: nop
Ended building a call (empty = false, executable = true)
Operation: nop
Ended building a call (empty = false, executable = true)
Addressing mode: X
Addressing mode: X
Operation: addi
Ended building a call (empty = false, executable = true)
Addressing mode: X
Addressing mode: X
Operation: addi
Ended building a call (empty = false, executable = true)
Addressing mode: X
Operation: li
Ended building a call (empty = false, executable = true)
Addressing mode: X
Addressing mode: X
Operation: bne
Ended building a call (empty = false, executable = true)
Addressing mode: X
Operation: li
Ended building a call (empty = false, executable = true)
Addressing mode: X
Operation: li
Ended building a call (empty = false, executable = true)
Addressing mode: X
Output (kind: TRACE): "Check: testreg(0x%016x) == x29(0x%016x)", mode X(i: #IMM), mode X(i: #IMM)
Addressing mode: X
Operation: bne
Ended building a call (empty = false, executable = true)
Addressing mode: X
Label: test_14
Addressing mode: X
Operation: li
Ended building a call (empty = false, executable = true)
Label: 1
Addressing mode: X
Operation: li
Ended building a call (empty = false, executable = true)
Addressing mode: X
Operation: li
Ended building a call (empty = false, executable = true)
Addressing mode: X
Addressing mode: X
Addressing mode: X
Operation: mulh
Ended building a call (empty = false, executable = true)
Addressing mode: X
Addressing mode: X
Operation: addi
Ended building a call (empty = false, executable = true)
Addressing mode: X
Operation: li
Ended building a call (empty = false, executable = true)
Addressing mode: X
Addressing mode: X
Operation: bne
Ended building a call (empty = false, executable = true)
Addressing mode: X
Operation: li
Ended building a call (empty = false, executable = true)
Addressing mode: X
Operation: li
Ended building a call (empty = false, executable = true)
Addressing mode: X
Output (kind: TRACE): "Check: testreg(0x%016x) == x29(0x%016x)", mode X(i: #IMM), mode X(i: #IMM)
Addressing mode: X
Operation: bne
Ended building a call (empty = false, executable = true)
Addressing mode: X
Label: test_15
Addressing mode: X
Operation: li
Ended building a call (empty = false, executable = true)
Label: 1
Addressing mode: X
Operation: li
Ended building a call (empty = false, executable = true)
Addressing mode: X
Operation: li
Ended building a call (empty = false, executable = true)
Operation: nop
Ended building a call (empty = false, executable = true)
Addressing mode: X
Addressing mode: X
Addressing mode: X
Operation: mulh
Ended building a call (empty = false, executable = true)
Addressing mode: X
Addressing mode: X
Operation: addi
Ended building a call (empty = false, executable = true)
Addressing mode: X
Operation: li
Ended building a call (empty = false, executable = true)
Addressing mode: X
Addressing mode: X
Operation: bne
Ended building a call (empty = false, executable = true)
Addressing mode: X
Operation: li
Ended building a call (empty = false, executable = true)
Addressing mode: X
Operation: li
Ended building a call (empty = false, executable = true)
Addressing mode: X
Output (kind: TRACE): "Check: testreg(0x%016x) == x29(0x%016x)", mode X(i: #IMM), mode X(i: #IMM)
Addressing mode: X
Operation: bne
Ended building a call (empty = false, executable = true)
Addressing mode: X
Label: test_16
Addressing mode: X
Operation: li
Ended building a call (empty = false, executable = true)
Label: 1
Addressing mode: X
Operation: li
Ended building a call (empty = false, executable = true)
Addressing mode: X
Operation: li
Ended building a call (empty = false, executable = true)
Operation: nop
Ended building a call (empty = false, executable = true)
Operation: nop
Ended building a call (empty = false, executable = true)
Addressing mode: X
Addressing mode: X
Addressing mode: X
Operation: mulh
Ended building a call (empty = false, executable = true)
Addressing mode: X
Addressing mode: X
Operation: addi
Ended building a call (empty = false, executable = true)
Addressing mode: X
Operation: li
Ended building a call (empty = false, executable = true)
Addressing mode: X
Addressing mode: X
Operation: bne
Ended building a call (empty = false, executable = true)
Addressing mode: X
Operation: li
Ended building a call (empty = false, executable = true)
Addressing mode: X
Operation: li
Ended building a call (empty = false, executable = true)
Addressing mode: X
Output (kind: TRACE): "Check: testreg(0x%016x) == x29(0x%016x)", mode X(i: #IMM), mode X(i: #IMM)
Addressing mode: X
Operation: bne
Ended building a call (empty = false, executable = true)
Addressing mode: X
Label: test_17
Addressing mode: X
Operation: li
Ended building a call (empty = false, executable = true)
Label: 1
Addressing mode: X
Operation: li
Ended building a call (empty = false, executable = true)
Operation: nop
Ended building a call (empty = false, executable = true)
Addressing mode: X
Operation: li
Ended building a call (empty = false, executable = true)
Addressing mode: X
Addressing mode: X
Addressing mode: X
Operation: mulh
Ended building a call (empty = false, executable = true)
Addressing mode: X
Addressing mode: X
Operation: addi
Ended building a call (empty = false, executable = true)
Addressing mode: X
Operation: li
Ended building a call (empty = false, executable = true)
Addressing mode: X
Addressing mode: X
Operation: bne
Ended building a call (empty = false, executable = true)
Addressing mode: X
Operation: li
Ended building a call (empty = false, executable = true)
Addressing mode: X
Operation: li
Ended building a call (empty = false, executable = true)
Addressing mode: X
Output (kind: TRACE): "Check: testreg(0x%016x) == x29(0x%016x)", mode X(i: #IMM), mode X(i: #IMM)
Addressing mode: X
Operation: bne
Ended building a call (empty = false, executable = true)
Addressing mode: X
Label: test_18
Addressing mode: X
Operation: li
Ended building a call (empty = false, executable = true)
Label: 1
Addressing mode: X
Operation: li
Ended building a call (empty = false, executable = true)
Operation: nop
Ended building a call (empty = false, executable = true)
Addressing mode: X
Operation: li
Ended building a call (empty = false, executable = true)
Operation: nop
Ended building a call (empty = false, executable = true)
Addressing mode: X
Addressing mode: X
Addressing mode: X
Operation: mulh
Ended building a call (empty = false, executable = true)
Addressing mode: X
Addressing mode: X
Operation: addi
Ended building a call (empty = false, executable = true)
Addressing mode: X
Operation: li
Ended building a call (empty = false, executable = true)
Addressing mode: X
Addressing mode: X
Operation: bne
Ended building a call (empty = false, executable = true)
Addressing mode: X
Operation: li
Ended building a call (empty = false, executable = true)
Addressing mode: X
Operation: li
Ended building a call (empty = false, executable = true)
Addressing mode: X
Output (kind: TRACE): "Check: testreg(0x%016x) == x29(0x%016x)", mode X(i: #IMM), mode X(i: #IMM)
Addressing mode: X
Operation: bne
Ended building a call (empty = false, executable = true)
Addressing mode: X
Label: test_19
Addressing mode: X
Operation: li
Ended building a call (empty = false, executable = true)
Label: 1
Addressing mode: X
Operation: li
Ended building a call (empty = false, executable = true)
Operation: nop
Ended building a call (empty = false, executable = true)
Operation: nop
Ended building a call (empty = false, executable = true)
Addressing mode: X
Operation: li
Ended building a call (empty = false, executable = true)
Addressing mode: X
Addressing mode: X
Addressing mode: X
Operation: mulh
Ended building a call (empty = false, executable = true)
Addressing mode: X
Addressing mode: X
Operation: addi
Ended building a call (empty = false, executable = true)
Addressing mode: X
Operation: li
Ended building a call (empty = false, executable = true)
Addressing mode: X
Addressing mode: X
Operation: bne
Ended building a call (empty = false, executable = true)
Addressing mode: X
Operation: li
Ended building a call (empty = false, executable = true)
Addressing mode: X
Operation: li
Ended building a call (empty = false, executable = true)
Addressing mode: X
Output (kind: TRACE): "Check: testreg(0x%016x) == x29(0x%016x)", mode X(i: #IMM), mode X(i: #IMM)
Addressing mode: X
Operation: bne
Ended building a call (empty = false, executable = true)
Addressing mode: X
Label: test_20
Addressing mode: X
Operation: li
Ended building a call (empty = false, executable = true)
Label: 1
Addressing mode: X
Operation: li
Ended building a call (empty = false, executable = true)
Addressing mode: X
Operation: li
Ended building a call (empty = false, executable = true)
Addressing mode: X
Addressing mode: X
Addressing mode: X
Operation: mulh
Ended building a call (empty = false, executable = true)
Addressing mode: X
Addressing mode: X
Operation: addi
Ended building a call (empty = false, executable = true)
Addressing mode: X
Operation: li
Ended building a call (empty = false, executable = true)
Addressing mode: X
Addressing mode: X
Operation: bne
Ended building a call (empty = false, executable = true)
Addressing mode: X
Operation: li
Ended building a call (empty = false, executable = true)
Addressing mode: X
Operation: li
Ended building a call (empty = false, executable = true)
Addressing mode: X
Output (kind: TRACE): "Check: testreg(0x%016x) == x29(0x%016x)", mode X(i: #IMM), mode X(i: #IMM)
Addressing mode: X
Operation: bne
Ended building a call (empty = false, executable = true)
Addressing mode: X
Label: test_21
Addressing mode: X
Operation: li
Ended building a call (empty = false, executable = true)
Label: 1
Addressing mode: X
Operation: li
Ended building a call (empty = false, executable = true)
Addressing mode: X
Operation: li
Ended building a call (empty = false, executable = true)
Operation: nop
Ended building a call (empty = false, executable = true)
Addressing mode: X
Addressing mode: X
Addressing mode: X
Operation: mulh
Ended building a call (empty = false, executable = true)
Addressing mode: X
Addressing mode: X
Operation: addi
Ended building a call (empty = false, executable = true)
Addressing mode: X
Operation: li
Ended building a call (empty = false, executable = true)
Addressing mode: X
Addressing mode: X
Operation: bne
Ended building a call (empty = false, executable = true)
Addressing mode: X
Operation: li
Ended building a call (empty = false, executable = true)
Addressing mode: X
Operation: li
Ended building a call (empty = false, executable = true)
Addressing mode: X
Output (kind: TRACE): "Check: testreg(0x%016x) == x29(0x%016x)", mode X(i: #IMM), mode X(i: #IMM)
Addressing mode: X
Operation: bne
Ended building a call (empty = false, executable = true)
Addressing mode: X
Label: test_22
Addressing mode: X
Operation: li
Ended building a call (empty = false, executable = true)
Label: 1
Addressing mode: X
Operation: li
Ended building a call (empty = false, executable = true)
Addressing mode: X
Operation: li
Ended building a call (empty = false, executable = true)
Operation: nop
Ended building a call (empty = false, executable = true)
Operation: nop
Ended building a call (empty = false, executable = true)
Addressing mode: X
Addressing mode: X
Addressing mode: X
Operation: mulh
Ended building a call (empty = false, executable = true)
Addressing mode: X
Addressing mode: X
Operation: addi
Ended building a call (empty = false, executable = true)
Addressing mode: X
Operation: li
Ended building a call (empty = false, executable = true)
Addressing mode: X
Addressing mode: X
Operation: bne
Ended building a call (empty = false, executable = true)
Addressing mode: X
Operation: li
Ended building a call (empty = false, executable = true)
Addressing mode: X
Operation: li
Ended building a call (empty = false, executable = true)
Addressing mode: X
Output (kind: TRACE): "Check: testreg(0x%016x) == x29(0x%016x)", mode X(i: #IMM), mode X(i: #IMM)
Addressing mode: X
Operation: bne
Ended building a call (empty = false, executable = true)
Addressing mode: X
Label: test_23
Addressing mode: X
Operation: li
Ended building a call (empty = false, executable = true)
Label: 1
Addressing mode: X
Operation: li
Ended building a call (empty = false, executable = true)
Operation: nop
Ended building a call (empty = false, executable = true)
Addressing mode: X
Operation: li
Ended building a call (empty = false, executable = true)
Addressing mode: X
Addressing mode: X
Addressing mode: X
Operation: mulh
Ended building a call (empty = false, executable = true)
Addressing mode: X
Addressing mode: X
Operation: addi
Ended building a call (empty = false, executable = true)
Addressing mode: X
Operation: li
Ended building a call (empty = false, executable = true)
Addressing mode: X
Addressing mode: X
Operation: bne
Ended building a call (empty = false, executable = true)
Addressing mode: X
Operation: li
Ended building a call (empty = false, executable = true)
Addressing mode: X
Operation: li
Ended building a call (empty = false, executable = true)
Addressing mode: X
Output (kind: TRACE): "Check: testreg(0x%016x) == x29(0x%016x)", mode X(i: #IMM), mode X(i: #IMM)
Addressing mode: X
Operation: bne
Ended building a call (empty = false, executable = true)
Addressing mode: X
Label: test_24
Addressing mode: X
Operation: li
Ended building a call (empty = false, executable = true)
Label: 1
Addressing mode: X
Operation: li
Ended building a call (empty = false, executable = true)
Operation: nop
Ended building a call (empty = false, executable = true)
Addressing mode: X
Operation: li
Ended building a call (empty = false, executable = true)
Operation: nop
Ended building a call (empty = false, executable = true)
Addressing mode: X
Addressing mode: X
Addressing mode: X
Operation: mulh
Ended building a call (empty = false, executable = true)
Addressing mode: X
Addressing mode: X
Operation: addi
Ended building a call (empty = false, executable = true)
Addressing mode: X
Operation: li
Ended building a call (empty = false, executable = true)
Addressing mode: X
Addressing mode: X
Operation: bne
Ended building a call (empty = false, executable = true)
Addressing mode: X
Operation: li
Ended building a call (empty = false, executable = true)
Addressing mode: X
Operation: li
Ended building a call (empty = false, executable = true)
Addressing mode: X
Output (kind: TRACE): "Check: testreg(0x%016x) == x29(0x%016x)", mode X(i: #IMM), mode X(i: #IMM)
Addressing mode: X
Operation: bne
Ended building a call (empty = false, executable = true)
Addressing mode: X
Label: test_25
Addressing mode: X
Operation: li
Ended building a call (empty = false, executable = true)
Label: 1
Addressing mode: X
Operation: li
Ended building a call (empty = false, executable = true)
Operation: nop
Ended building a call (empty = false, executable = true)
Operation: nop
Ended building a call (empty = false, executable = true)
Addressing mode: X
Operation: li
Ended building a call (empty = false, executable = true)
Addressing mode: X
Addressing mode: X
Addressing mode: X
Operation: mulh
Ended building a call (empty = false, executable = true)
Addressing mode: X
Addressing mode: X
Operation: addi
Ended building a call (empty = false, executable = true)
Addressing mode: X
Operation: li
Ended building a call (empty = false, executable = true)
Addressing mode: X
Addressing mode: X
Operation: bne
Ended building a call (empty = false, executable = true)
Addressing mode: X
Operation: li
Ended building a call (empty = false, executable = true)
Addressing mode: X
Operation: li
Ended building a call (empty = false, executable = true)
Addressing mode: X
Output (kind: TRACE): "Check: testreg(0x%016x) == x29(0x%016x)", mode X(i: #IMM), mode X(i: #IMM)
Addressing mode: X
Operation: bne
Ended building a call (empty = false, executable = true)
Addressing mode: X
Label: test_26
Addressing mode: X
Operation: li
Ended building a call (empty = false, executable = true)
Addressing mode: X
Addressing mode: X
Addressing mode: X
Operation: mulh
Ended building a call (empty = false, executable = true)
Addressing mode: X
Operation: li
Ended building a call (empty = false, executable = true)
Addressing mode: X
Operation: li
Ended building a call (empty = false, executable = true)
Addressing mode: X
Output (kind: TRACE): "Check: testreg(0x%016x) == x29(0x%016x)", mode X(i: #IMM), mode X(i: #IMM)
Addressing mode: X
Operation: bne
Ended building a call (empty = false, executable = true)
Addressing mode: X
Label: test_27
Addressing mode: X
Operation: li
Ended building a call (empty = false, executable = true)
Addressing mode: X
Addressing mode: X
Addressing mode: X
Operation: mulh
Ended building a call (empty = false, executable = true)
Addressing mode: X
Operation: li
Ended building a call (empty = false, executable = true)
Addressing mode: X
Operation: li
Ended building a call (empty = false, executable = true)
Addressing mode: X
Output (kind: TRACE): "Check: testreg(0x%016x) == x29(0x%016x)", mode X(i: #IMM), mode X(i: #IMM)
Addressing mode: X
Operation: bne
Ended building a call (empty = false, executable = true)
Addressing mode: X
Label: test_28
Addressing mode: X
Addressing mode: X
Addressing mode: X
Operation: mulh
Ended building a call (empty = false, executable = true)
Addressing mode: X
Operation: li
Ended building a call (empty = false, executable = true)
Addressing mode: X
Operation: li
Ended building a call (empty = false, executable = true)
Addressing mode: X
Output (kind: TRACE): "Check: testreg(0x%016x) == x29(0x%016x)", mode X(i: #IMM), mode X(i: #IMM)
Addressing mode: X
Operation: bne
Ended building a call (empty = false, executable = true)
Addressing mode: X
Label: test_29
Addressing mode: X
Operation: li
Ended building a call (empty = false, executable = true)
Addressing mode: X
Operation: li
Ended building a call (empty = false, executable = true)
Addressing mode: X
Addressing mode: X
Addressing mode: X
Operation: mulh
Ended building a call (empty = false, executable = true)
Addressing mode: X
Operation: li
Ended building a call (empty = false, executable = true)
Addressing mode: X
Operation: li
Ended building a call (empty = false, executable = true)
Addressing mode: X
Output (kind: TRACE): "Check: testreg(0x%016x) == x29(0x%016x)", mode X(i: #IMM), mode X(i: #IMM)
Addressing mode: X
Operation: bne
Ended building a call (empty = false, executable = true)
Ended building a call (empty = true, executable = false)

------------------- Constructed Prologue (riscv_test.rb:231) -------------------

	.section .text.init
	.align 6
.weak stvec_handler
.weak mtvec_handler
	.globl _start
_start:
	j reset_vector
	.align 2
trap_vector:
	csrr t5, mcause
	li t6, 0x8
	beq t5, t6, write_tohost
	li t6, 0x9
	beq t5, t6, write_tohost
	li t6, 0xb
	beq t5, t6, write_tohost
	la t5, mtvec_handler
	beqz t5, 1f
	jr t5
1:
	csrr t5, mcause
	bgez t5, handle_exception
	j other_exception
handle_exception:
other_exception:
1:
	ori gp, gp, 1337
write_tohost:
	nop
	sw gp, tohost, t5
	nop
	j write_tohost
reset_vector:
	csrr a0, mhartid
1:
	bnez a0, 1b
	la t0, 1f
	csrw mtvec, t0
	csrwi satp, 0x0
	.align 2
1:
	la t0, 1f
	csrw mtvec, t0
	li t0, 0xffffffffffffffff
	csrw pmpaddr0, t0
	li t0, 0x1f
	csrw pmpcfg0, t0
	.align 2
1:
	la t0, 1f
	csrw mtvec, t0
	csrwi medeleg, 0x0
	csrwi mideleg, 0x0
	csrwi mie, 0x0
	.align 2
1:
	li gp, 0x0
	la t0, trap_vector
	csrw mtvec, t0
	li a0, 0x1
	slli a0, a0, 0x1f
	bgez a0, 1f
	fence
	li gp, 0x1
	ecall
1:
	la t0, stvec_handler
	beqz t0, 1f
	csrw stvec, t0
	li t0, 0xb109
	csrw medeleg, t0
	csrr t1, medeleg
	bne t0, t1, other_exception
1:
	csrwi mstatus, 0x0
	la t0, 1f
	csrw mepc, t0
	csrr a0, mhartid
	mret
1:

------------------------------- Allocating code --------------------------------

Section: .section .text.init [pa=0x0000000080000000, va=0x0000000080000000]

Code allocator: directive: .align 6
Code allocator: directive: .weak stvec_handler
Code allocator: directive: .weak mtvec_handler
Code allocator: directive: .globl _start
Code allocator: directive: _start:
0x0000000080000000 (PA): j reset_vector (0x0000006F)
Code allocator: directive: .align 2
Code allocator: directive: trap_vector:
0x0000000080000004 (PA): csrr t5, mcause (0x34202F73)
0x0000000080000008 (PA): li t6, 0x8 (0x00800F93)
0x000000008000000c (PA): beq t5, t6, write_tohost (0xFFFF0AE3)
0x0000000080000010 (PA): li t6, 0x9 (0x00900F93)
0x0000000080000014 (PA): beq t5, t6, write_tohost (0xFFFF06E3)
0x0000000080000018 (PA): li t6, 0xb (0x00B00F93)
0x000000008000001c (PA): beq t5, t6, write_tohost (0xFFFF02E3)
0x0000000080000020 (PA): la t5, mtvec_handler (0x80000F17FE0F0F13)
0x0000000080000028 (PA): beqz t5, 1f (0xFC0F0CE3)
0x000000008000002c (PA): jr t5 (0x000F0067)
Code allocator: directive: 1:
0x0000000080000030 (PA): csrr t5, mcause (0x34202F73)
0x0000000080000034 (PA): bgez t5, handle_exception (0xFC0F56E3)
0x0000000080000038 (PA): j other_exception (0xFC9FF06F)
Code allocator: directive: handle_exception:
Code allocator: directive: other_exception:
Code allocator: directive: 1:
0x000000008000003c (PA): ori gp, gp, 1337 (0x5391E193)
Code allocator: directive: write_tohost:
0x0000000080000040 (PA): nop (0x00000013)
0x0000000080000044 (PA): nop (0x00000013)
0x0000000080000048 (PA): j write_tohost (0xFB9FF06F)
Code allocator: directive: reset_vector:
0x000000008000004c (PA): csrr a0, mhartid (0xF1402573)
Code allocator: directive: 1:
0x0000000080000050 (PA): bnez a0, 1b (0xFA0518E3)
0x0000000080000054 (PA): la t0, 1f (0x80000297FAC28293)
0x000000008000005c (PA): csrw mtvec, t0 (0x30529073)
0x0000000080000060 (PA): csrwi satp, 0x0 (0x18005073)
Code allocator: directive: .align 2
Code allocator: directive: 1:
0x0000000080000064 (PA): la t0, 1f (0x80000297F9C28293)
0x000000008000006c (PA): csrw mtvec, t0 (0x30529073)
0x0000000080000070 (PA): li t0, 0xffffffffffffffff (0xFFF00293)
0x0000000080000074 (PA): csrw pmpaddr0, t0 (0x3B029073)
0x0000000080000078 (PA): li t0, 0x1f (0x01F00293)
0x000000008000007c (PA): csrw pmpcfg0, t0 (0x3A029073)
Code allocator: directive: .align 2
Code allocator: directive: 1:
0x0000000080000080 (PA): la t0, 1f (0x80000297F8028293)
0x0000000080000088 (PA): csrw mtvec, t0 (0x30529073)
0x000000008000008c (PA): csrwi medeleg, 0x0 (0x30205073)
0x0000000080000090 (PA): csrwi mideleg, 0x0 (0x30305073)
0x0000000080000094 (PA): csrwi mie, 0x0 (0x30405073)
Code allocator: directive: .align 2
Code allocator: directive: 1:
0x0000000080000098 (PA): li gp, 0x0 (0x00000193)
0x000000008000009c (PA): la t0, trap_vector (0x80000297F6428293)
0x00000000800000a4 (PA): csrw mtvec, t0 (0x30529073)
0x00000000800000a8 (PA): li a0, 0x1 (0x00100513)
0x00000000800000ac (PA): slli a0, a0, 0x1f (0x01F51513)
0x00000000800000b0 (PA): bgez a0, 1f (0xF40558E3)
0x00000000800000b4 (PA): fence (0x0000000F)
0x00000000800000b8 (PA): li gp, 0x1 (0x00100193)
0x00000000800000bc (PA): ecall (0x00000073)
Code allocator: directive: 1:
0x00000000800000c0 (PA): la t0, stvec_handler (0x80000297F4028293)
0x00000000800000c8 (PA): beqz t0, 1f (0xF2028CE3)
0x00000000800000cc (PA): csrw stvec, t0 (0x10529073)
0x00000000800000d0 (PA): li t0, 0xb109 (0x0000B2B710928293)
0x00000000800000d8 (PA): csrw medeleg, t0 (0x30229073)
0x00000000800000dc (PA): csrr t1, medeleg (0x30202373)
0x00000000800000e0 (PA): bne t0, t1, other_exception (0xF26290E3)
Code allocator: directive: 1:
0x00000000800000e4 (PA): csrwi mstatus, 0x0 (0x30005073)
0x00000000800000e8 (PA): la t0, 1f (0x80000297F1828293)
0x00000000800000f0 (PA): csrw mepc, t0 (0x34129073)
0x00000000800000f4 (PA): csrr a0, mhartid (0xF1402573)
0x00000000800000f8 (PA): mret (0x30200073)
Code allocator: directive: 1:
Code allocator: register the remaining block: [0x0000000080000000..0x00000000800000fc) (56 calls)


------------- Constructed External Code (riscv_test_macros.rb:182) -------------

test_2:
	li ra, 0x0
	li sp, 0x0
	mulh t5, ra, sp
	li t4, 0x0
	li gp, 0x2
	bne t5, t4, fail
test_3:
	li ra, 0x1
	li sp, 0x1
	mulh t5, ra, sp
	li t4, 0x0
	li gp, 0x3
	bne t5, t4, fail
test_4:
	li ra, 0x3
	li sp, 0x7
	mulh t5, ra, sp
	li t4, 0x0
	li gp, 0x4
	bne t5, t4, fail
test_5:
	li ra, 0x0
	li sp, 0xffffffffffff8000
	mulh t5, ra, sp
	li t4, 0x0
	li gp, 0x5
	bne t5, t4, fail
test_6:
	li ra, 0xffffffff80000000
	li sp, 0x0
	mulh t5, ra, sp
	li t4, 0x0
	li gp, 0x6
	bne t5, t4, fail
test_7:
	li ra, 0xffffffff80000000
	li sp, 0xffffffffffff8000
	mulh t5, ra, sp
	li t4, 0x0
	li gp, 0x7
	bne t5, t4, fail
test_8:
	li ra, 0xd00000000
	li sp, 0xb00000000
	mulh ra, ra, sp
	li t4, 0x8f
	li gp, 0x8
	bne ra, t4, fail
test_9:
	li ra, 0xe00000000
	li sp, 0xb00000000
	mulh sp, ra, sp
	li t4, 0x9a
	li gp, 0x9
	bne sp, t4, fail
test_10:
	li ra, 0xd00000000
	mulh ra, ra, ra
	li t4, 0xa9
	li gp, 0xa
	bne ra, t4, fail
test_11:
	li tp, 0x0
1:
	li ra, 0xd00000000
	li sp, 0xb00000000
	mulh t5, ra, sp
	addi t1, t5, 0
	addi tp, tp, 1
	li t0, 0x2
	bne tp, t0, 1b
	li t4, 0x8f
	li gp, 0xb
	bne t1, t4, fail
test_12:
	li tp, 0x0
1:
	li ra, 0xe00000000
	li sp, 0xb00000000
	mulh t5, ra, sp
	nop
	addi t1, t5, 0
	addi tp, tp, 1
	li t0, 0x2
	bne tp, t0, 1b
	li t4, 0x9a
	li gp, 0xc
	bne t1, t4, fail
test_13:
	li tp, 0x0
1:
	li ra, 0xf00000000
	li sp, 0xb00000000
	mulh t5, ra, sp
	nop
	nop
	addi t1, t5, 0
	addi tp, tp, 1
	li t0, 0x2
	bne tp, t0, 1b
	li t4, 0xa5
	li gp, 0xd
	bne t1, t4, fail
test_14:
	li tp, 0x0
1:
	li ra, 0xd00000000
	li sp, 0xb00000000
	mulh t5, ra, sp
	addi tp, tp, 1
	li t0, 0x2
	bne tp, t0, 1b
	li t4, 0x8f
	li gp, 0xe
	bne t5, t4, fail
test_15:
	li tp, 0x0
1:
	li ra, 0xe00000000
	li sp, 0xb00000000
	nop
	mulh t5, ra, sp
	addi tp, tp, 1
	li t0, 0x2
	bne tp, t0, 1b
	li t4, 0x9a
	li gp, 0xf
	bne t5, t4, fail
test_16:
	li tp, 0x0
1:
	li ra, 0xf00000000
	li sp, 0xb00000000
	nop
	nop
	mulh t5, ra, sp
	addi tp, tp, 1
	li t0, 0x2
	bne tp, t0, 1b
	li t4, 0xa5
	li gp, 0x10
	bne t5, t4, fail
test_17:
	li tp, 0x0
1:
	li ra, 0xd00000000
	nop
	li sp, 0xb00000000
	mulh t5, ra, sp
	addi tp, tp, 1
	li t0, 0x2
	bne tp, t0, 1b
	li t4, 0x8f
	li gp, 0x11
	bne t5, t4, fail
test_18:
	li tp, 0x0
1:
	li ra, 0xe00000000
	nop
	li sp, 0xb00000000
	nop
	mulh t5, ra, sp
	addi tp, tp, 1
	li t0, 0x2
	bne tp, t0, 1b
	li t4, 0x9a
	li gp, 0x12
	bne t5, t4, fail
test_19:
	li tp, 0x0
1:
	li ra, 0xf00000000
	nop
	nop
	li sp, 0xb00000000
	mulh t5, ra, sp
	addi tp, tp, 1
	li t0, 0x2
	bne tp, t0, 1b
	li t4, 0xa5
	li gp, 0x13
	bne t5, t4, fail
test_20:
	li tp, 0x0
1:
	li sp, 0xb00000000
	li ra, 0xd00000000
	mulh t5, ra, sp
	addi tp, tp, 1
	li t0, 0x2
	bne tp, t0, 1b
	li t4, 0x8f
	li gp, 0x14
	bne t5, t4, fail
test_21:
	li tp, 0x0
1:
	li sp, 0xb00000000
	li ra, 0xe00000000
	nop
	mulh t5, ra, sp
	addi tp, tp, 1
	li t0, 0x2
	bne tp, t0, 1b
	li t4, 0x9a
	li gp, 0x15
	bne t5, t4, fail
test_22:
	li tp, 0x0
1:
	li sp, 0xb00000000
	li ra, 0xf00000000
	nop
	nop
	mulh t5, ra, sp
	addi tp, tp, 1
	li t0, 0x2
	bne tp, t0, 1b
	li t4, 0xa5
	li gp, 0x16
	bne t5, t4, fail
test_23:
	li tp, 0x0
1:
	li sp, 0xb00000000
	nop
	li ra, 0xd00000000
	mulh t5, ra, sp
	addi tp, tp, 1
	li t0, 0x2
	bne tp, t0, 1b
	li t4, 0x8f
	li gp, 0x17
	bne t5, t4, fail
test_24:
	li tp, 0x0
1:
	li sp, 0xb00000000
	nop
	li ra, 0xe00000000
	nop
	mulh t5, ra, sp
	addi tp, tp, 1
	li t0, 0x2
	bne tp, t0, 1b
	li t4, 0x9a
	li gp, 0x18
	bne t5, t4, fail
test_25:
	li tp, 0x0
1:
	li sp, 0xb00000000
	nop
	nop
	li ra, 0xf00000000
	mulh t5, ra, sp
	addi tp, tp, 1
	li t0, 0x2
	bne tp, t0, 1b
	li t4, 0xa5
	li gp, 0x19
	bne t5, t4, fail
test_26:
	li ra, 0x1f00000000
	mulh sp, zero, ra
	li t4, 0x0
	li gp, 0x1a
	bne sp, t4, fail
test_27:
	li ra, 0x2000000000
	mulh sp, ra, zero
	li t4, 0x0
	li gp, 0x1b
	bne sp, t4, fail
test_28:
	mulh ra, zero, zero
	li t4, 0x0
	li gp, 0x1c
	bne ra, t4, fail
test_29:
	li ra, 0x2100000000
	li sp, 0x2200000000
	mulh zero, ra, sp
	li t4, 0x0
	li gp, 0x1d
	bne zero, t4, fail

------------------------------- Allocating code --------------------------------

Section: .section .text.init [pa=0x0000000080000000, va=0x0000000080000000]

Code allocator: directive: test_2:
0x00000000800000fc (PA): li ra, 0x0 (0x00000093)
0x0000000080000100 (PA): li sp, 0x0 (0x00000113)
0x0000000080000104 (PA): mulh t5, ra, sp (0x02209F33)
0x0000000080000108 (PA): li t4, 0x0 (0x00000E93)
0x000000008000010c (PA): li gp, 0x2 (0x00200193)
0x0000000080000110 (PA): bne t5, t4, fail (0xEFDF18E3)
Code allocator: directive: test_3:
0x0000000080000114 (PA): li ra, 0x1 (0x00100093)
0x0000000080000118 (PA): li sp, 0x1 (0x00100113)
0x000000008000011c (PA): mulh t5, ra, sp (0x02209F33)
0x0000000080000120 (PA): li t4, 0x0 (0x00000E93)
0x0000000080000124 (PA): li gp, 0x3 (0x00300193)
0x0000000080000128 (PA): bne t5, t4, fail (0xEDDF1CE3)
Code allocator: directive: test_4:
0x000000008000012c (PA): li ra, 0x3 (0x00300093)
0x0000000080000130 (PA): li sp, 0x7 (0x00700113)
0x0000000080000134 (PA): mulh t5, ra, sp (0x02209F33)
0x0000000080000138 (PA): li t4, 0x0 (0x00000E93)
0x000000008000013c (PA): li gp, 0x4 (0x00400193)
0x0000000080000140 (PA): bne t5, t4, fail (0xEDDF10E3)
Code allocator: directive: test_5:
0x0000000080000144 (PA): li ra, 0x0 (0x00000093)
0x0000000080000148 (PA): li sp, 0xffffffffffff8000 (0xFFFF813700010113)
0x0000000080000150 (PA): mulh t5, ra, sp (0x02209F33)
0x0000000080000154 (PA): li t4, 0x0 (0x00000E93)
0x0000000080000158 (PA): li gp, 0x5 (0x00500193)
0x000000008000015c (PA): bne t5, t4, fail (0xEBDF12E3)
Code allocator: directive: test_6:
0x0000000080000160 (PA): li ra, 0xffffffff80000000 (0x800000B700008093)
0x0000000080000168 (PA): li sp, 0x0 (0x00000113)
0x000000008000016c (PA): mulh t5, ra, sp (0x02209F33)
0x0000000080000170 (PA): li t4, 0x0 (0x00000E93)
0x0000000080000174 (PA): li gp, 0x6 (0x00600193)
0x0000000080000178 (PA): bne t5, t4, fail (0xE9DF14E3)
Code allocator: directive: test_7:
0x000000008000017c (PA): li ra, 0xffffffff80000000 (0x800000B700008093)
0x0000000080000184 (PA): li sp, 0xffffffffffff8000 (0xFFFF813700010113)
0x000000008000018c (PA): mulh t5, ra, sp (0x02209F33)
0x0000000080000190 (PA): li t4, 0x0 (0x00000E93)
0x0000000080000194 (PA): li gp, 0x7 (0x00700193)
0x0000000080000198 (PA): bne t5, t4, fail (0xE7DF14E3)
Code allocator: directive: test_8:
0x000000008000019c (PA): li ra, 0xd00000000 (0x000000B700D0809300B090930000E09300B090930000E09300A090930000E093)
0x00000000800001bc (PA): li sp, 0xb00000000 (0x0000013700B1011300B111130001611300B111130001611300A1111300016113)
0x00000000800001dc (PA): mulh ra, ra, sp (0x022090B3)
0x00000000800001e0 (PA): li t4, 0x8f (0x08F00E93)
0x00000000800001e4 (PA): li gp, 0x8 (0x00800193)
0x00000000800001e8 (PA): bne ra, t4, fail (0xE1D09CE3)
Code allocator: directive: test_9:
0x00000000800001ec (PA): li ra, 0xe00000000 (0x000000B700E0809300B090930000E09300B090930000E09300A090930000E093)
0x000000008000020c (PA): li sp, 0xb00000000 (0x0000013700B1011300B111130001611300B111130001611300A1111300016113)
0x000000008000022c (PA): mulh sp, ra, sp (0x02209133)
0x0000000080000230 (PA): li t4, 0x9a (0x09A00E93)
0x0000000080000234 (PA): li gp, 0x9 (0x00900193)
0x0000000080000238 (PA): bne sp, t4, fail (0xDDD114E3)
Code allocator: directive: test_10:
0x000000008000023c (PA): li ra, 0xd00000000 (0x000000B700D0809300B090930000E09300B090930000E09300A090930000E093)
0x000000008000025c (PA): mulh ra, ra, ra (0x021090B3)
0x0000000080000260 (PA): li t4, 0xa9 (0x0A900E93)
0x0000000080000264 (PA): li gp, 0xa (0x00A00193)
0x0000000080000268 (PA): bne ra, t4, fail (0xD9D09CE3)
Code allocator: directive: test_11:
0x000000008000026c (PA): li tp, 0x0 (0x00000213)
Code allocator: directive: 1:
0x0000000080000270 (PA): li ra, 0xd00000000 (0x000000B700D0809300B090930000E09300B090930000E09300A090930000E093)
0x0000000080000290 (PA): li sp, 0xb00000000 (0x0000013700B1011300B111130001611300B111130001611300A1111300016113)
0x00000000800002b0 (PA): mulh t5, ra, sp (0x02209F33)
0x00000000800002b4 (PA): addi t1, t5, 0 (0x000F0313)
0x00000000800002b8 (PA): addi tp, tp, 1 (0x00120213)
0x00000000800002bc (PA): li t0, 0x2 (0x00200293)
0x00000000800002c0 (PA): bne tp, t0, 1b (0xD45210E3)
0x00000000800002c4 (PA): li t4, 0x8f (0x08F00E93)
0x00000000800002c8 (PA): li gp, 0xb (0x00B00193)
0x00000000800002cc (PA): bne t1, t4, fail (0xD3D31AE3)
Code allocator: directive: test_12:
0x00000000800002d0 (PA): li tp, 0x0 (0x00000213)
Code allocator: directive: 1:
0x00000000800002d4 (PA): li ra, 0xe00000000 (0x000000B700E0809300B090930000E09300B090930000E09300A090930000E093)
0x00000000800002f4 (PA): li sp, 0xb00000000 (0x0000013700B1011300B111130001611300B111130001611300A1111300016113)
0x0000000080000314 (PA): mulh t5, ra, sp (0x02209F33)
0x0000000080000318 (PA): nop (0x00000013)
0x000000008000031c (PA): addi t1, t5, 0 (0x000F0313)
0x0000000080000320 (PA): addi tp, tp, 1 (0x00120213)
0x0000000080000324 (PA): li t0, 0x2 (0x00200293)
0x0000000080000328 (PA): bne tp, t0, 1b (0xCC521CE3)
0x000000008000032c (PA): li t4, 0x9a (0x09A00E93)
0x0000000080000330 (PA): li gp, 0xc (0x00C00193)
0x0000000080000334 (PA): bne t1, t4, fail (0xCDD316E3)
Code allocator: directive: test_13:
0x0000000080000338 (PA): li tp, 0x0 (0x00000213)
Code allocator: directive: 1:
0x000000008000033c (PA): li ra, 0xf00000000 (0x000000B700F0809300B090930000E09300B090930000E09300A090930000E093)
0x000000008000035c (PA): li sp, 0xb00000000 (0x0000013700B1011300B111130001611300B111130001611300A1111300016113)
0x000000008000037c (PA): mulh t5, ra, sp (0x02209F33)
0x0000000080000380 (PA): nop (0x00000013)
0x0000000080000384 (PA): nop (0x00000013)
0x0000000080000388 (PA): addi t1, t5, 0 (0x000F0313)
0x000000008000038c (PA): addi tp, tp, 1 (0x00120213)
0x0000000080000390 (PA): li t0, 0x2 (0x00200293)
0x0000000080000394 (PA): bne tp, t0, 1b (0xC65216E3)
0x0000000080000398 (PA): li t4, 0xa5 (0x0A500E93)
0x000000008000039c (PA): li gp, 0xd (0x00D00193)
0x00000000800003a0 (PA): bne t1, t4, fail (0xC7D310E3)
Code allocator: directive: test_14:
0x00000000800003a4 (PA): li tp, 0x0 (0x00000213)
Code allocator: directive: 1:
0x00000000800003a8 (PA): li ra, 0xd00000000 (0x000000B700D0809300B090930000E09300B090930000E09300A090930000E093)
0x00000000800003c8 (PA): li sp, 0xb00000000 (0x0000013700B1011300B111130001611300B111130001611300A1111300016113)
0x00000000800003e8 (PA): mulh t5, ra, sp (0x02209F33)
0x00000000800003ec (PA): addi tp, tp, 1 (0x00120213)
0x00000000800003f0 (PA): li t0, 0x2 (0x00200293)
0x00000000800003f4 (PA): bne tp, t0, 1b (0xC05216E3)
0x00000000800003f8 (PA): li t4, 0x8f (0x08F00E93)
0x00000000800003fc (PA): li gp, 0xe (0x00E00193)
0x0000000080000400 (PA): bne t5, t4, fail (0xC1DF10E3)
Code allocator: directive: test_15:
0x0000000080000404 (PA): li tp, 0x0 (0x00000213)
Code allocator: directive: 1:
0x0000000080000408 (PA): li ra, 0xe00000000 (0x000000B700E0809300B090930000E09300B090930000E09300A090930000E093)
0x0000000080000428 (PA): li sp, 0xb00000000 (0x0000013700B1011300B111130001611300B111130001611300A1111300016113)
0x0000000080000448 (PA): nop (0x00000013)
0x000000008000044c (PA): mulh t5, ra, sp (0x02209F33)
0x0000000080000450 (PA): addi tp, tp, 1 (0x00120213)
0x0000000080000454 (PA): li t0, 0x2 (0x00200293)
0x0000000080000458 (PA): bne tp, t0, 1b (0xBA5214E3)
0x000000008000045c (PA): li t4, 0x9a (0x09A00E93)
0x0000000080000460 (PA): li gp, 0xf (0x00F00193)
0x0000000080000464 (PA): bne t5, t4, fail (0xB9DF1EE3)
Code allocator: directive: test_16:
0x0000000080000468 (PA): li tp, 0x0 (0x00000213)
Code allocator: directive: 1:
0x000000008000046c (PA): li ra, 0xf00000000 (0x000000B700F0809300B090930000E09300B090930000E09300A090930000E093)
0x000000008000048c (PA): li sp, 0xb00000000 (0x0000013700B1011300B111130001611300B111130001611300A1111300016113)
0x00000000800004ac (PA): nop (0x00000013)
0x00000000800004b0 (PA): nop (0x00000013)
0x00000000800004b4 (PA): mulh t5, ra, sp (0x02209F33)
0x00000000800004b8 (PA): addi tp, tp, 1 (0x00120213)
0x00000000800004bc (PA): li t0, 0x2 (0x00200293)
0x00000000800004c0 (PA): bne tp, t0, 1b (0xB45210E3)
0x00000000800004c4 (PA): li t4, 0xa5 (0x0A500E93)
0x00000000800004c8 (PA): li gp, 0x10 (0x01000193)
0x00000000800004cc (PA): bne t5, t4, fail (0xB3DF1AE3)
Code allocator: directive: test_17:
0x00000000800004d0 (PA): li tp, 0x0 (0x00000213)
Code allocator: directive: 1:
0x00000000800004d4 (PA): li ra, 0xd00000000 (0x000000B700D0809300B090930000E09300B090930000E09300A090930000E093)
0x00000000800004f4 (PA): nop (0x00000013)
0x00000000800004f8 (PA): li sp, 0xb00000000 (0x0000013700B1011300B111130001611300B111130001611300A1111300016113)
0x0000000080000518 (PA): mulh t5, ra, sp (0x02209F33)
0x000000008000051c (PA): addi tp, tp, 1 (0x00120213)
0x0000000080000520 (PA): li t0, 0x2 (0x00200293)
0x0000000080000524 (PA): bne tp, t0, 1b (0xAC521EE3)
0x0000000080000528 (PA): li t4, 0x8f (0x08F00E93)
0x000000008000052c (PA): li gp, 0x11 (0x01100193)
0x0000000080000530 (PA): bne t5, t4, fail (0xADDF18E3)
Code allocator: directive: test_18:
0x0000000080000534 (PA): li tp, 0x0 (0x00000213)
Code allocator: directive: 1:
0x0000000080000538 (PA): li ra, 0xe00000000 (0x000000B700E0809300B090930000E09300B090930000E09300A090930000E093)
0x0000000080000558 (PA): nop (0x00000013)
0x000000008000055c (PA): li sp, 0xb00000000 (0x0000013700B1011300B111130001611300B111130001611300A1111300016113)
0x000000008000057c (PA): nop (0x00000013)
0x0000000080000580 (PA): mulh t5, ra, sp (0x02209F33)
0x0000000080000584 (PA): addi tp, tp, 1 (0x00120213)
0x0000000080000588 (PA): li t0, 0x2 (0x00200293)
0x000000008000058c (PA): bne tp, t0, 1b (0xA6521AE3)
0x0000000080000590 (PA): li t4, 0x9a (0x09A00E93)
0x0000000080000594 (PA): li gp, 0x12 (0x01200193)
0x0000000080000598 (PA): bne t5, t4, fail (0xA7DF14E3)
Code allocator: directive: test_19:
0x000000008000059c (PA): li tp, 0x0 (0x00000213)
Code allocator: directive: 1:
0x00000000800005a0 (PA): li ra, 0xf00000000 (0x000000B700F0809300B090930000E09300B090930000E09300A090930000E093)
0x00000000800005c0 (PA): nop (0x00000013)
0x00000000800005c4 (PA): nop (0x00000013)
0x00000000800005c8 (PA): li sp, 0xb00000000 (0x0000013700B1011300B111130001611300B111130001611300A1111300016113)
0x00000000800005e8 (PA): mulh t5, ra, sp (0x02209F33)
0x00000000800005ec (PA): addi tp, tp, 1 (0x00120213)
0x00000000800005f0 (PA): li t0, 0x2 (0x00200293)
0x00000000800005f4 (PA): bne tp, t0, 1b (0xA05216E3)
0x00000000800005f8 (PA): li t4, 0xa5 (0x0A500E93)
0x00000000800005fc (PA): li gp, 0x13 (0x01300193)
0x0000000080000600 (PA): bne t5, t4, fail (0xA1DF10E3)
Code allocator: directive: test_20:
0x0000000080000604 (PA): li tp, 0x0 (0x00000213)
Code allocator: directive: 1:
0x0000000080000608 (PA): li sp, 0xb00000000 (0x0000013700B1011300B111130001611300B111130001611300A1111300016113)
0x0000000080000628 (PA): li ra, 0xd00000000 (0x000000B700D0809300B090930000E09300B090930000E09300A090930000E093)
0x0000000080000648 (PA): mulh t5, ra, sp (0x02209F33)
0x000000008000064c (PA): addi tp, tp, 1 (0x00120213)
0x0000000080000650 (PA): li t0, 0x2 (0x00200293)
0x0000000080000654 (PA): bne tp, t0, 1b (0x9A5216E3)
0x0000000080000658 (PA): li t4, 0x8f (0x08F00E93)
0x000000008000065c (PA): li gp, 0x14 (0x01400193)
0x0000000080000660 (PA): bne t5, t4, fail (0x9BDF10E3)
Code allocator: directive: test_21:
0x0000000080000664 (PA): li tp, 0x0 (0x00000213)
Code allocator: directive: 1:
0x0000000080000668 (PA): li sp, 0xb00000000 (0x0000013700B1011300B111130001611300B111130001611300A1111300016113)
0x0000000080000688 (PA): li ra, 0xe00000000 (0x000000B700E0809300B090930000E09300B090930000E09300A090930000E093)
0x00000000800006a8 (PA): nop (0x00000013)
0x00000000800006ac (PA): mulh t5, ra, sp (0x02209F33)
0x00000000800006b0 (PA): addi tp, tp, 1 (0x00120213)
0x00000000800006b4 (PA): li t0, 0x2 (0x00200293)
0x00000000800006b8 (PA): bne tp, t0, 1b (0x945214E3)
0x00000000800006bc (PA): li t4, 0x9a (0x09A00E93)
0x00000000800006c0 (PA): li gp, 0x15 (0x01500193)
0x00000000800006c4 (PA): bne t5, t4, fail (0x93DF1EE3)
Code allocator: directive: test_22:
0x00000000800006c8 (PA): li tp, 0x0 (0x00000213)
Code allocator: directive: 1:
0x00000000800006cc (PA): li sp, 0xb00000000 (0x0000013700B1011300B111130001611300B111130001611300A1111300016113)
0x00000000800006ec (PA): li ra, 0xf00000000 (0x000000B700F0809300B090930000E09300B090930000E09300A090930000E093)
0x000000008000070c (PA): nop (0x00000013)
0x0000000080000710 (PA): nop (0x00000013)
0x0000000080000714 (PA): mulh t5, ra, sp (0x02209F33)
0x0000000080000718 (PA): addi tp, tp, 1 (0x00120213)
0x000000008000071c (PA): li t0, 0x2 (0x00200293)
0x0000000080000720 (PA): bne tp, t0, 1b (0x8E5210E3)
0x0000000080000724 (PA): li t4, 0xa5 (0x0A500E93)
0x0000000080000728 (PA): li gp, 0x16 (0x01600193)
0x000000008000072c (PA): bne t5, t4, fail (0x8DDF1AE3)
Code allocator: directive: test_23:
0x0000000080000730 (PA): li tp, 0x0 (0x00000213)
Code allocator: directive: 1:
0x0000000080000734 (PA): li sp, 0xb00000000 (0x0000013700B1011300B111130001611300B111130001611300A1111300016113)
0x0000000080000754 (PA): nop (0x00000013)
0x0000000080000758 (PA): li ra, 0xd00000000 (0x000000B700D0809300B090930000E09300B090930000E09300A090930000E093)
0x0000000080000778 (PA): mulh t5, ra, sp (0x02209F33)
0x000000008000077c (PA): addi tp, tp, 1 (0x00120213)
0x0000000080000780 (PA): li t0, 0x2 (0x00200293)
0x0000000080000784 (PA): bne tp, t0, 1b (0x86521EE3)
0x0000000080000788 (PA): li t4, 0x8f (0x08F00E93)
0x000000008000078c (PA): li gp, 0x17 (0x01700193)
0x0000000080000790 (PA): bne t5, t4, fail (0x87DF18E3)
Code allocator: directive: test_24:
0x0000000080000794 (PA): li tp, 0x0 (0x00000213)
Code allocator: directive: 1:
0x0000000080000798 (PA): li sp, 0xb00000000 (0x0000013700B1011300B111130001611300B111130001611300A1111300016113)
0x00000000800007b8 (PA): nop (0x00000013)
0x00000000800007bc (PA): li ra, 0xe00000000 (0x000000B700E0809300B090930000E09300B090930000E09300A090930000E093)
0x00000000800007dc (PA): nop (0x00000013)
0x00000000800007e0 (PA): mulh t5, ra, sp (0x02209F33)
0x00000000800007e4 (PA): addi tp, tp, 1 (0x00120213)
0x00000000800007e8 (PA): li t0, 0x2 (0x00200293)
0x00000000800007ec (PA): bne tp, t0, 1b (0x80521AE3)
0x00000000800007f0 (PA): li t4, 0x9a (0x09A00E93)
0x00000000800007f4 (PA): li gp, 0x18 (0x01800193)
0x00000000800007f8 (PA): bne t5, t4, fail (0x81DF14E3)
Code allocator: directive: test_25:
0x00000000800007fc (PA): li tp, 0x0 (0x00000213)
Code allocator: directive: 1:
0x0000000080000800 (PA): li sp, 0xb00000000 (0x0000013700B1011300B111130001611300B111130001611300A1111300016113)
0x0000000080000820 (PA): nop (0x00000013)
0x0000000080000824 (PA): nop (0x00000013)
0x0000000080000828 (PA): li ra, 0xf00000000 (0x000000B700F0809300B090930000E09300B090930000E09300A090930000E093)
0x0000000080000848 (PA): mulh t5, ra, sp (0x02209F33)
0x000000008000084c (PA): addi tp, tp, 1 (0x00120213)
0x0000000080000850 (PA): li t0, 0x2 (0x00200293)
0x0000000080000854 (PA): bne tp, t0, 1b (0xFA521663)
0x0000000080000858 (PA): li t4, 0xa5 (0x0A500E93)
0x000000008000085c (PA): li gp, 0x19 (0x01900193)
0x0000000080000860 (PA): bne t5, t4, fail (0xFBDF1063)
Code allocator: directive: test_26:
0x0000000080000864 (PA): li ra, 0x1f00000000 (0x000000B701F0809300B090930000E09300B090930000E09300A090930000E093)
0x0000000080000884 (PA): mulh sp, zero, ra (0x02101133)
0x0000000080000888 (PA): li t4, 0x0 (0x00000E93)
0x000000008000088c (PA): li gp, 0x1a (0x01A00193)
0x0000000080000890 (PA): bne sp, t4, fail (0xF7D11863)
Code allocator: directive: test_27:
0x0000000080000894 (PA): li ra, 0x2000000000 (0x000000B70200809300B090930000E09300B090930000E09300A090930000E093)
0x00000000800008b4 (PA): mulh sp, ra, zero (0x02009133)
0x00000000800008b8 (PA): li t4, 0x0 (0x00000E93)
0x00000000800008bc (PA): li gp, 0x1b (0x01B00193)
0x00000000800008c0 (PA): bne sp, t4, fail (0xF5D11063)
Code allocator: directive: test_28:
0x00000000800008c4 (PA): mulh ra, zero, zero (0x020010B3)
0x00000000800008c8 (PA): li t4, 0x0 (0x00000E93)
0x00000000800008cc (PA): li gp, 0x1c (0x01C00193)
0x00000000800008d0 (PA): bne ra, t4, fail (0xF3D09863)
Code allocator: directive: test_29:
0x00000000800008d4 (PA): li ra, 0x2100000000 (0x000000B70210809300B090930000E09300B090930000E09300A090930000E093)
0x00000000800008f4 (PA): li sp, 0x2200000000 (0x000001370221011300B111130001611300B111130001611300A1111300016113)
0x0000000080000914 (PA): mulh zero, ra, sp (0x02209033)
0x0000000080000918 (PA): li t4, 0x0 (0x00000E93)
0x000000008000091c (PA): li gp, 0x1d (0x01D00193)
0x0000000080000920 (PA): bne zero, t4, fail (0xEFD01063)
Code allocator: register the remaining block: [0x00000000800000fc..0x0000000080000924) (245 calls)


------------------------ Ended Processing Main Section -------------------------


------------- Running Execution from Prologue (riscv_test.rb:231) --------------


---------------------------------- Instance 0 ----------------------------------

Execution status: 0x0000000080000000

.align 6
.weak stvec_handler
.weak mtvec_handler
.globl _start
_start:
0x0000000080000000 j reset_vector
Jump to 0x000000008000004c
reset_vector:
0x000000008000004c csrr a0, mhartid
1:
0x0000000080000050 bnez a0, 1b
0x0000000080000054 la t0, 1f
0x000000008000005c csrw mtvec, t0
0x0000000080000060 csrwi satp, 0x0
.align 2
1:
0x0000000080000064 la t0, 1f
0x000000008000006c csrw mtvec, t0
0x0000000080000070 li t0, 0xffffffffffffffff
0x0000000080000074 csrw pmpaddr0, t0
0x0000000080000078 li t0, 0x1f
0x000000008000007c csrw pmpcfg0, t0
.align 2
1:
0x0000000080000080 la t0, 1f
0x0000000080000088 csrw mtvec, t0
0x000000008000008c csrwi medeleg, 0x0
0x0000000080000090 csrwi mideleg, 0x0
0x0000000080000094 csrwi mie, 0x0
.align 2
1:
0x0000000080000098 li gp, 0x0
0x000000008000009c la t0, trap_vector
0x00000000800000a4 csrw mtvec, t0
0x00000000800000a8 li a0, 0x1
0x00000000800000ac slli a0, a0, 0x1f
0x00000000800000b0 bgez a0, 1f
Jump to 0x00000000800000c0
1:
0x00000000800000c0 la t0, stvec_handler
0x00000000800000c8 beqz t0, 1f
Jump to 0x00000000800000e4
1:
0x00000000800000e4 csrwi mstatus, 0x0
0x00000000800000e8 la t0, 1f
0x00000000800000f0 csrw mepc, t0
0x00000000800000f4 csrr a0, mhartid
0x00000000800000f8 mret
1:
test_2:
0x00000000800000fc li ra, 0x0
0x0000000080000100 li sp, 0x0
0x0000000080000104 mulh t5, ra, sp
0x0000000080000108 li t4, 0x0
0x000000008000010c li gp, 0x2
Reference to undefined label fail:
Check: testreg(0x0000000000000000) == x29(0x0000000000000000)
0x0000000080000110 bne t5, t4, fail
Call is not executed. Simulation is paused until the label is allocated.

--------------- Constructed Epilogue (riscv_test_macros.rb:884) ----------------

	bne zero, gp, pass
fail:
	fence
1:
	beqz gp, 1b
	sll gp, gp, ra
	or gp, gp, ra
	ecall
pass:
	fence
	li gp, 0x1
	ecall
	unimp

------------------------------- Allocating code --------------------------------

Section: .section .text.init [pa=0x0000000080000000, va=0x0000000080000000]

0x0000000080000924 (PA): bne zero, gp, pass (0xEC301E63)
Code allocator: directive: fail:
0x0000000080000928 (PA): fence (0x0000000F)
Code allocator: directive: 1:
0x000000008000092c (PA): beqz gp, 1b (0xEC018A63)
0x0000000080000930 (PA): sll gp, gp, ra (0x001191B3)
0x0000000080000934 (PA): or gp, gp, ra (0x0011E1B3)
0x0000000080000938 (PA): ecall (0x00000073)
Code allocator: directive: pass:
0x000000008000093c (PA): fence (0x0000000F)
0x0000000080000940 (PA): li gp, 0x1 (0x00100193)
0x0000000080000944 (PA): ecall (0x00000073)
Code allocator: register the remaining block: [0x0000000080000924..0x0000000080000948) (10 calls)


---------- Running Execution from Epilogue (riscv_test_macros.rb:884) ----------


---------------------------------- Instance 0 ----------------------------------

Execution status: 0x0000000080000110 (waiting for label fail)

Check: testreg(0x0000000000000000) == x29(0x0000000000000000)
0x0000000080000110 bne t5, t4, fail
test_3:
0x0000000080000114 li ra, 0x1
0x0000000080000118 li sp, 0x1
0x000000008000011c mulh t5, ra, sp
0x0000000080000120 li t4, 0x0
0x0000000080000124 li gp, 0x3
Check: testreg(0x0000000000000000) == x29(0x0000000000000000)
0x0000000080000128 bne t5, t4, fail
test_4:
0x000000008000012c li ra, 0x3
0x0000000080000130 li sp, 0x7
0x0000000080000134 mulh t5, ra, sp
0x0000000080000138 li t4, 0x0
0x000000008000013c li gp, 0x4
Check: testreg(0x0000000000000000) == x29(0x0000000000000000)
0x0000000080000140 bne t5, t4, fail
test_5:
0x0000000080000144 li ra, 0x0
0x0000000080000148 li sp, 0xffffffffffff8000
0x0000000080000150 mulh t5, ra, sp
0x0000000080000154 li t4, 0x0
0x0000000080000158 li gp, 0x5
Check: testreg(0x0000000000000000) == x29(0x0000000000000000)
0x000000008000015c bne t5, t4, fail
test_6:
0x0000000080000160 li ra, 0xffffffff80000000
0x0000000080000168 li sp, 0x0
0x000000008000016c mulh t5, ra, sp
0x0000000080000170 li t4, 0x0
0x0000000080000174 li gp, 0x6
Check: testreg(0x0000000000000000) == x29(0x0000000000000000)
0x0000000080000178 bne t5, t4, fail
test_7:
0x000000008000017c li ra, 0xffffffff80000000
0x0000000080000184 li sp, 0xffffffffffff8000
0x000000008000018c mulh t5, ra, sp
0x0000000080000190 li t4, 0x0
0x0000000080000194 li gp, 0x7
Check: testreg(0x0000000000000000) == x29(0x0000000000000000)
0x0000000080000198 bne t5, t4, fail
test_8:
0x000000008000019c li ra, 0xd00000000
0x00000000800001bc li sp, 0xb00000000
0x00000000800001dc mulh ra, ra, sp
0x00000000800001e0 li t4, 0x8f
0x00000000800001e4 li gp, 0x8
Check: testreg(0x000000000000008f) == x29(0x000000000000008f)
0x00000000800001e8 bne ra, t4, fail
test_9:
0x00000000800001ec li ra, 0xe00000000
0x000000008000020c li sp, 0xb00000000
0x000000008000022c mulh sp, ra, sp
0x0000000080000230 li t4, 0x9a
0x0000000080000234 li gp, 0x9
Check: testreg(0x000000000000009a) == x29(0x000000000000009a)
0x0000000080000238 bne sp, t4, fail
test_10:
0x000000008000023c li ra, 0xd00000000
0x000000008000025c mulh ra, ra, ra
0x0000000080000260 li t4, 0xa9
0x0000000080000264 li gp, 0xa
Check: testreg(0x00000000000000a9) == x29(0x00000000000000a9)
0x0000000080000268 bne ra, t4, fail
test_11:
0x000000008000026c li tp, 0x0
1:
0x0000000080000270 li ra, 0xd00000000
0x0000000080000290 li sp, 0xb00000000
0x00000000800002b0 mulh t5, ra, sp
0x00000000800002b4 addi t1, t5, 0
0x00000000800002b8 addi tp, tp, 1
0x00000000800002bc li t0, 0x2
0x00000000800002c0 bne tp, t0, 1b
Jump to 0x0000000080000270
1:
0x0000000080000270 li ra, 0xd00000000
0x0000000080000290 li sp, 0xb00000000
0x00000000800002b0 mulh t5, ra, sp
0x00000000800002b4 addi t1, t5, 0
0x00000000800002b8 addi tp, tp, 1
0x00000000800002bc li t0, 0x2
0x00000000800002c0 bne tp, t0, 1b
0x00000000800002c4 li t4, 0x8f
0x00000000800002c8 li gp, 0xb
Check: testreg(0x000000000000008f) == x29(0x000000000000008f)
0x00000000800002cc bne t1, t4, fail
test_12:
0x00000000800002d0 li tp, 0x0
1:
0x00000000800002d4 li ra, 0xe00000000
0x00000000800002f4 li sp, 0xb00000000
0x0000000080000314 mulh t5, ra, sp
0x0000000080000318 nop
0x000000008000031c addi t1, t5, 0
0x0000000080000320 addi tp, tp, 1
0x0000000080000324 li t0, 0x2
0x0000000080000328 bne tp, t0, 1b
Jump to 0x00000000800002d4
1:
0x00000000800002d4 li ra, 0xe00000000
0x00000000800002f4 li sp, 0xb00000000
0x0000000080000314 mulh t5, ra, sp
0x0000000080000318 nop
0x000000008000031c addi t1, t5, 0
0x0000000080000320 addi tp, tp, 1
0x0000000080000324 li t0, 0x2
0x0000000080000328 bne tp, t0, 1b
0x000000008000032c li t4, 0x9a
0x0000000080000330 li gp, 0xc
Check: testreg(0x000000000000009a) == x29(0x000000000000009a)
0x0000000080000334 bne t1, t4, fail
test_13:
0x0000000080000338 li tp, 0x0
1:
0x000000008000033c li ra, 0xf00000000
0x000000008000035c li sp, 0xb00000000
0x000000008000037c mulh t5, ra, sp
0x0000000080000380 nop
0x0000000080000384 nop
0x0000000080000388 addi t1, t5, 0
0x000000008000038c addi tp, tp, 1
0x0000000080000390 li t0, 0x2
0x0000000080000394 bne tp, t0, 1b
Jump to 0x000000008000033c
1:
0x000000008000033c li ra, 0xf00000000
0x000000008000035c li sp, 0xb00000000
0x000000008000037c mulh t5, ra, sp
0x0000000080000380 nop
0x0000000080000384 nop
0x0000000080000388 addi t1, t5, 0
0x000000008000038c addi tp, tp, 1
0x0000000080000390 li t0, 0x2
0x0000000080000394 bne tp, t0, 1b
0x0000000080000398 li t4, 0xa5
0x000000008000039c li gp, 0xd
Check: testreg(0x00000000000000a5) == x29(0x00000000000000a5)
0x00000000800003a0 bne t1, t4, fail
test_14:
0x00000000800003a4 li tp, 0x0
1:
0x00000000800003a8 li ra, 0xd00000000
0x00000000800003c8 li sp, 0xb00000000
0x00000000800003e8 mulh t5, ra, sp
0x00000000800003ec addi tp, tp, 1
0x00000000800003f0 li t0, 0x2
0x00000000800003f4 bne tp, t0, 1b
Jump to 0x00000000800003a8
1:
0x00000000800003a8 li ra, 0xd00000000
0x00000000800003c8 li sp, 0xb00000000
0x00000000800003e8 mulh t5, ra, sp
0x00000000800003ec addi tp, tp, 1
0x00000000800003f0 li t0, 0x2
0x00000000800003f4 bne tp, t0, 1b
0x00000000800003f8 li t4, 0x8f
0x00000000800003fc li gp, 0xe
Check: testreg(0x000000000000008f) == x29(0x000000000000008f)
0x0000000080000400 bne t5, t4, fail
test_15:
0x0000000080000404 li tp, 0x0
1:
0x0000000080000408 li ra, 0xe00000000
0x0000000080000428 li sp, 0xb00000000
0x0000000080000448 nop
0x000000008000044c mulh t5, ra, sp
0x0000000080000450 addi tp, tp, 1
0x0000000080000454 li t0, 0x2
0x0000000080000458 bne tp, t0, 1b
Jump to 0x0000000080000408
1:
0x0000000080000408 li ra, 0xe00000000
0x0000000080000428 li sp, 0xb00000000
0x0000000080000448 nop
0x000000008000044c mulh t5, ra, sp
0x0000000080000450 addi tp, tp, 1
0x0000000080000454 li t0, 0x2
0x0000000080000458 bne tp, t0, 1b
0x000000008000045c li t4, 0x9a
0x0000000080000460 li gp, 0xf
Check: testreg(0x000000000000009a) == x29(0x000000000000009a)
0x0000000080000464 bne t5, t4, fail
test_16:
0x0000000080000468 li tp, 0x0
1:
0x000000008000046c li ra, 0xf00000000
0x000000008000048c li sp, 0xb00000000
0x00000000800004ac nop
0x00000000800004b0 nop
0x00000000800004b4 mulh t5, ra, sp
0x00000000800004b8 addi tp, tp, 1
0x00000000800004bc li t0, 0x2
0x00000000800004c0 bne tp, t0, 1b
Jump to 0x000000008000046c
1:
0x000000008000046c li ra, 0xf00000000
0x000000008000048c li sp, 0xb00000000
0x00000000800004ac nop
0x00000000800004b0 nop
0x00000000800004b4 mulh t5, ra, sp
0x00000000800004b8 addi tp, tp, 1
0x00000000800004bc li t0, 0x2
0x00000000800004c0 bne tp, t0, 1b
0x00000000800004c4 li t4, 0xa5
0x00000000800004c8 li gp, 0x10
Check: testreg(0x00000000000000a5) == x29(0x00000000000000a5)
0x00000000800004cc bne t5, t4, fail
test_17:
0x00000000800004d0 li tp, 0x0
1:
0x00000000800004d4 li ra, 0xd00000000
0x00000000800004f4 nop
0x00000000800004f8 li sp, 0xb00000000
0x0000000080000518 mulh t5, ra, sp
0x000000008000051c addi tp, tp, 1
0x0000000080000520 li t0, 0x2
0x0000000080000524 bne tp, t0, 1b
Jump to 0x00000000800004d4
1:
0x00000000800004d4 li ra, 0xd00000000
0x00000000800004f4 nop
0x00000000800004f8 li sp, 0xb00000000
0x0000000080000518 mulh t5, ra, sp
0x000000008000051c addi tp, tp, 1
0x0000000080000520 li t0, 0x2
0x0000000080000524 bne tp, t0, 1b
0x0000000080000528 li t4, 0x8f
0x000000008000052c li gp, 0x11
Check: testreg(0x000000000000008f) == x29(0x000000000000008f)
0x0000000080000530 bne t5, t4, fail
test_18:
0x0000000080000534 li tp, 0x0
1:
0x0000000080000538 li ra, 0xe00000000
0x0000000080000558 nop
0x000000008000055c li sp, 0xb00000000
0x000000008000057c nop
0x0000000080000580 mulh t5, ra, sp
0x0000000080000584 addi tp, tp, 1
0x0000000080000588 li t0, 0x2
0x000000008000058c bne tp, t0, 1b
Jump to 0x0000000080000538
1:
0x0000000080000538 li ra, 0xe00000000
0x0000000080000558 nop
0x000000008000055c li sp, 0xb00000000
0x000000008000057c nop
0x0000000080000580 mulh t5, ra, sp
0x0000000080000584 addi tp, tp, 1
0x0000000080000588 li t0, 0x2
0x000000008000058c bne tp, t0, 1b
0x0000000080000590 li t4, 0x9a
0x0000000080000594 li gp, 0x12
Check: testreg(0x000000000000009a) == x29(0x000000000000009a)
0x0000000080000598 bne t5, t4, fail
test_19:
0x000000008000059c li tp, 0x0
1:
0x00000000800005a0 li ra, 0xf00000000
0x00000000800005c0 nop
0x00000000800005c4 nop
0x00000000800005c8 li sp, 0xb00000000
0x00000000800005e8 mulh t5, ra, sp
0x00000000800005ec addi tp, tp, 1
0x00000000800005f0 li t0, 0x2
0x00000000800005f4 bne tp, t0, 1b
Jump to 0x00000000800005a0
1:
0x00000000800005a0 li ra, 0xf00000000
0x00000000800005c0 nop
0x00000000800005c4 nop
0x00000000800005c8 li sp, 0xb00000000
0x00000000800005e8 mulh t5, ra, sp
0x00000000800005ec addi tp, tp, 1
0x00000000800005f0 li t0, 0x2
0x00000000800005f4 bne tp, t0, 1b
0x00000000800005f8 li t4, 0xa5
0x00000000800005fc li gp, 0x13
Check: testreg(0x00000000000000a5) == x29(0x00000000000000a5)
0x0000000080000600 bne t5, t4, fail
test_20:
0x0000000080000604 li tp, 0x0
1:
0x0000000080000608 li sp, 0xb00000000
0x0000000080000628 li ra, 0xd00000000
0x0000000080000648 mulh t5, ra, sp
0x000000008000064c addi tp, tp, 1
0x0000000080000650 li t0, 0x2
0x0000000080000654 bne tp, t0, 1b
Jump to 0x0000000080000608
1:
0x0000000080000608 li sp, 0xb00000000
0x0000000080000628 li ra, 0xd00000000
0x0000000080000648 mulh t5, ra, sp
0x000000008000064c addi tp, tp, 1
0x0000000080000650 li t0, 0x2
0x0000000080000654 bne tp, t0, 1b
0x0000000080000658 li t4, 0x8f
0x000000008000065c li gp, 0x14
Check: testreg(0x000000000000008f) == x29(0x000000000000008f)
0x0000000080000660 bne t5, t4, fail
test_21:
0x0000000080000664 li tp, 0x0
1:
0x0000000080000668 li sp, 0xb00000000
0x0000000080000688 li ra, 0xe00000000
0x00000000800006a8 nop
0x00000000800006ac mulh t5, ra, sp
0x00000000800006b0 addi tp, tp, 1
0x00000000800006b4 li t0, 0x2
0x00000000800006b8 bne tp, t0, 1b
Jump to 0x0000000080000668
1:
0x0000000080000668 li sp, 0xb00000000
0x0000000080000688 li ra, 0xe00000000
0x00000000800006a8 nop
0x00000000800006ac mulh t5, ra, sp
0x00000000800006b0 addi tp, tp, 1
0x00000000800006b4 li t0, 0x2
0x00000000800006b8 bne tp, t0, 1b
0x00000000800006bc li t4, 0x9a
0x00000000800006c0 li gp, 0x15
Check: testreg(0x000000000000009a) == x29(0x000000000000009a)
0x00000000800006c4 bne t5, t4, fail
test_22:
0x00000000800006c8 li tp, 0x0
1:
0x00000000800006cc li sp, 0xb00000000
0x00000000800006ec li ra, 0xf00000000
0x000000008000070c nop
0x0000000080000710 nop
0x0000000080000714 mulh t5, ra, sp
0x0000000080000718 addi tp, tp, 1
0x000000008000071c li t0, 0x2
0x0000000080000720 bne tp, t0, 1b
Jump to 0x00000000800006cc
1:
0x00000000800006cc li sp, 0xb00000000
0x00000000800006ec li ra, 0xf00000000
0x000000008000070c nop
0x0000000080000710 nop
0x0000000080000714 mulh t5, ra, sp
0x0000000080000718 addi tp, tp, 1
0x000000008000071c li t0, 0x2
0x0000000080000720 bne tp, t0, 1b
0x0000000080000724 li t4, 0xa5
0x0000000080000728 li gp, 0x16
Check: testreg(0x00000000000000a5) == x29(0x00000000000000a5)
0x000000008000072c bne t5, t4, fail
test_23:
0x0000000080000730 li tp, 0x0
1:
0x0000000080000734 li sp, 0xb00000000
0x0000000080000754 nop
0x0000000080000758 li ra, 0xd00000000
0x0000000080000778 mulh t5, ra, sp
0x000000008000077c addi tp, tp, 1
0x0000000080000780 li t0, 0x2
0x0000000080000784 bne tp, t0, 1b
Jump to 0x0000000080000734
1:
0x0000000080000734 li sp, 0xb00000000
0x0000000080000754 nop
0x0000000080000758 li ra, 0xd00000000
0x0000000080000778 mulh t5, ra, sp
0x000000008000077c addi tp, tp, 1
0x0000000080000780 li t0, 0x2
0x0000000080000784 bne tp, t0, 1b
0x0000000080000788 li t4, 0x8f
0x000000008000078c li gp, 0x17
Check: testreg(0x000000000000008f) == x29(0x000000000000008f)
0x0000000080000790 bne t5, t4, fail
test_24:
0x0000000080000794 li tp, 0x0
1:
0x0000000080000798 li sp, 0xb00000000
0x00000000800007b8 nop
0x00000000800007bc li ra, 0xe00000000
0x00000000800007dc nop
0x00000000800007e0 mulh t5, ra, sp
0x00000000800007e4 addi tp, tp, 1
0x00000000800007e8 li t0, 0x2
0x00000000800007ec bne tp, t0, 1b
Jump to 0x0000000080000798
1:
0x0000000080000798 li sp, 0xb00000000
0x00000000800007b8 nop
0x00000000800007bc li ra, 0xe00000000
0x00000000800007dc nop
0x00000000800007e0 mulh t5, ra, sp
0x00000000800007e4 addi tp, tp, 1
0x00000000800007e8 li t0, 0x2
0x00000000800007ec bne tp, t0, 1b
0x00000000800007f0 li t4, 0x9a
0x00000000800007f4 li gp, 0x18
Check: testreg(0x000000000000009a) == x29(0x000000000000009a)
0x00000000800007f8 bne t5, t4, fail
test_25:
0x00000000800007fc li tp, 0x0
1:
0x0000000080000800 li sp, 0xb00000000
0x0000000080000820 nop
0x0000000080000824 nop
0x0000000080000828 li ra, 0xf00000000
0x0000000080000848 mulh t5, ra, sp
0x000000008000084c addi tp, tp, 1
0x0000000080000850 li t0, 0x2
0x0000000080000854 bne tp, t0, 1b
Jump to 0x0000000080000800
1:
0x0000000080000800 li sp, 0xb00000000
0x0000000080000820 nop
0x0000000080000824 nop
0x0000000080000828 li ra, 0xf00000000
0x0000000080000848 mulh t5, ra, sp
0x000000008000084c addi tp, tp, 1
0x0000000080000850 li t0, 0x2
0x0000000080000854 bne tp, t0, 1b
0x0000000080000858 li t4, 0xa5
0x000000008000085c li gp, 0x19
Check: testreg(0x00000000000000a5) == x29(0x00000000000000a5)
0x0000000080000860 bne t5, t4, fail
test_26:
0x0000000080000864 li ra, 0x1f00000000
0x0000000080000884 mulh sp, zero, ra
0x0000000080000888 li t4, 0x0
0x000000008000088c li gp, 0x1a
Check: testreg(0x0000000000000000) == x29(0x0000000000000000)
0x0000000080000890 bne sp, t4, fail
test_27:
0x0000000080000894 li ra, 0x2000000000
0x00000000800008b4 mulh sp, ra, zero
0x00000000800008b8 li t4, 0x0
0x00000000800008bc li gp, 0x1b
Check: testreg(0x0000000000000000) == x29(0x0000000000000000)
0x00000000800008c0 bne sp, t4, fail
test_28:
0x00000000800008c4 mulh ra, zero, zero
0x00000000800008c8 li t4, 0x0
0x00000000800008cc li gp, 0x1c
Check: testreg(0x0000000000000000) == x29(0x0000000000000000)
0x00000000800008d0 bne ra, t4, fail
test_29:
0x00000000800008d4 li ra, 0x2100000000
0x00000000800008f4 li sp, 0x2200000000
0x0000000080000914 mulh zero, ra, sp
0x0000000080000918 li t4, 0x0
0x000000008000091c li gp, 0x1d
Check: testreg(0x0000000000000000) == x29(0x0000000000000000)
0x0000000080000920 bne zero, t4, fail
Check: x0(0x0000000000000000) != TESTNUM(0x000000000000001d)
0x0000000080000924 bne zero, gp, pass
Jump to 0x000000008000093c
pass:
0x000000008000093c fence
0x0000000080000940 li gp, 0x1
0x0000000080000944 ecall
0x0000000080000948 unimp
Allocated entries: []

--------------------- Printing test program to mulh_0000.s ---------------------


-------------------------- Ended Processing Template ---------------------------


---------------------- Printing linker script to mulh.ld -----------------------

Generation Statistics
Generation time: 6.107 seconds
Generation rate: 50 instructions/second
Programs/stimuli/instructions: 1/0/310
